-------------------------------------------------------------------------------
Test set: runner.RunTest
-------------------------------------------------------------------------------
Tests run: 13, Failures: 0, Errors: 2, Skipped: 1, Time elapsed: 19.026 sec <<< FAILURE!
When I click on "Styling" under "Learn" in the footer(Scenario: Verify the presence of "Facial Hair Styles: The Anchor Beard" under styling articles)  Time elapsed: 0.008 sec  <<< ERROR!
org.openqa.selenium.ElementClickInterceptedException: element click intercepted: Element <a title="..." data-action-detail="Styling" class="event_menu_click" href="/en-in/tips-for-shaving/styling">Styling</a> is not clickable at point (107, 870). Other element would receive the click: <div class="flex items-center">...</div>
  (Session info: chrome=113.0.5672.63)
Build info: version: '4.7.2', revision: '4d4020c3b7'
System info: os.name: 'Linux', os.arch: 'amd64', os.version: '5.10.162+', java.version: '11.0.18'
Driver info: org.openqa.selenium.remote.RemoteWebDriver
Command: [47604aab0e77f6b532d12044dde31b7e, clickElement {id=E6D06A000663B73769E2A95DE9BF587D_element_20}]
Capabilities {acceptInsecureCerts: false, browserName: chrome, browserVersion: 113.0.5672.63, chrome: {chromedriverVersion: 113.0.5672.63 (0e1a4471d5ae..., userDataDir: /tmp/.com.google.Chrome.XhhSPU}, goog:chromeOptions: {debuggerAddress: localhost:40855}, networkConnectionEnabled: false, pageLoadStrategy: normal, platformName: LINUX, proxy: Proxy(), se:bidiEnabled: false, se:cdp: ws://172.17.0.3:4444/sessio..., se:cdpVersion: 113.0.5672.63, se:vnc: ws://172.17.0.3:4444/sessio..., se:vncEnabled: true, se:vncLocalAddress: ws://172.17.0.3:7900, setWindowRect: true, strictFileInteractability: false, timeouts: {implicit: 0, pageLoad: 300000, script: 30000}, unhandledPromptBehavior: dismiss and notify, webauthn:extension:credBlob: true, webauthn:extension:largeBlob: true, webauthn:extension:minPinLength: true, webauthn:extension:prf: true, webauthn:virtualAuthenticators: true}
Element: [[RemoteWebDriver: chrome on LINUX (47604aab0e77f6b532d12044dde31b7e)] -> xpath: //*[@id="footerContent"]/div/div[1]/div[1]/ul/li[2]/a]
Session ID: 47604aab0e77f6b532d12044dde31b7e
	at java.base/jdk.internal.reflect.NativeConstructorAccessorImpl.newInstance0(Native Method)
	at java.base/jdk.internal.reflect.NativeConstructorAccessorImpl.newInstance(NativeConstructorAccessorImpl.java:62)
	at java.base/jdk.internal.reflect.DelegatingConstructorAccessorImpl.newInstance(DelegatingConstructorAccessorImpl.java:45)
	at java.base/java.lang.reflect.Constructor.newInstance(Constructor.java:490)
	at org.openqa.selenium.remote.codec.w3c.W3CHttpResponseCodec.createException(W3CHttpResponseCodec.java:200)
	at org.openqa.selenium.remote.codec.w3c.W3CHttpResponseCodec.decode(W3CHttpResponseCodec.java:133)
	at org.openqa.selenium.remote.codec.w3c.W3CHttpResponseCodec.decode(W3CHttpResponseCodec.java:53)
	at org.openqa.selenium.remote.HttpCommandExecutor.execute(HttpCommandExecutor.java:184)
	at org.openqa.selenium.remote.TracedCommandExecutor.execute(TracedCommandExecutor.java:51)
	at org.openqa.selenium.remote.RemoteWebDriver.execute(RemoteWebDriver.java:535)
	at org.openqa.selenium.remote.RemoteWebElement.execute(RemoteWebElement.java:257)
	at org.openqa.selenium.remote.RemoteWebElement.click(RemoteWebElement.java:78)
	at java.base/jdk.internal.reflect.NativeMethodAccessorImpl.invoke0(Native Method)
	at java.base/jdk.internal.reflect.NativeMethodAccessorImpl.invoke(NativeMethodAccessorImpl.java:62)
	at java.base/jdk.internal.reflect.DelegatingMethodAccessorImpl.invoke(DelegatingMethodAccessorImpl.java:43)
	at java.base/java.lang.reflect.Method.invoke(Method.java:566)
	at org.openqa.selenium.support.decorators.WebDriverDecorator.call(WebDriverDecorator.java:247)
	at org.openqa.selenium.support.decorators.DefaultDecorated.call(DefaultDecorated.java:48)
	at org.openqa.selenium.support.decorators.WebDriverDecorator.lambda$createProxy$0(WebDriverDecorator.java:309)
	at net.bytebuddy.renamed.java.lang.Object$ByteBuddy$Vg4Jrx1r.click(Unknown Source)
	at glue.GilletteTests.iClickOnUnderInTheFooter(GilletteTests.java:102)
	at ✽.When I click on "Styling" under "Learn" in the footer(gillette.feature:20)

Scenario: Verify the presence of "Facial Hair Styles: The Anchor Beard" under styling articles  Time elapsed: 0.01 sec  <<< ERROR!
org.openqa.selenium.ElementClickInterceptedException: element click intercepted: Element <a title="..." data-action-detail="Styling" class="event_menu_click" href="/en-in/tips-for-shaving/styling">Styling</a> is not clickable at point (107, 870). Other element would receive the click: <div class="flex items-center">...</div>
  (Session info: chrome=113.0.5672.63)
Build info: version: '4.7.2', revision: '4d4020c3b7'
System info: os.name: 'Linux', os.arch: 'amd64', os.version: '5.10.162+', java.version: '11.0.18'
Driver info: org.openqa.selenium.remote.RemoteWebDriver
Command: [47604aab0e77f6b532d12044dde31b7e, clickElement {id=E6D06A000663B73769E2A95DE9BF587D_element_20}]
Capabilities {acceptInsecureCerts: false, browserName: chrome, browserVersion: 113.0.5672.63, chrome: {chromedriverVersion: 113.0.5672.63 (0e1a4471d5ae..., userDataDir: /tmp/.com.google.Chrome.XhhSPU}, goog:chromeOptions: {debuggerAddress: localhost:40855}, networkConnectionEnabled: false, pageLoadStrategy: normal, platformName: LINUX, proxy: Proxy(), se:bidiEnabled: false, se:cdp: ws://172.17.0.3:4444/sessio..., se:cdpVersion: 113.0.5672.63, se:vnc: ws://172.17.0.3:4444/sessio..., se:vncEnabled: true, se:vncLocalAddress: ws://172.17.0.3:7900, setWindowRect: true, strictFileInteractability: false, timeouts: {implicit: 0, pageLoad: 300000, script: 30000}, unhandledPromptBehavior: dismiss and notify, webauthn:extension:credBlob: true, webauthn:extension:largeBlob: true, webauthn:extension:minPinLength: true, webauthn:extension:prf: true, webauthn:virtualAuthenticators: true}
Element: [[RemoteWebDriver: chrome on LINUX (47604aab0e77f6b532d12044dde31b7e)] -> xpath: //*[@id="footerContent"]/div/div[1]/div[1]/ul/li[2]/a]
Session ID: 47604aab0e77f6b532d12044dde31b7e
	at java.base/jdk.internal.reflect.NativeConstructorAccessorImpl.newInstance0(Native Method)
	at java.base/jdk.internal.reflect.NativeConstructorAccessorImpl.newInstance(NativeConstructorAccessorImpl.java:62)
	at java.base/jdk.internal.reflect.DelegatingConstructorAccessorImpl.newInstance(DelegatingConstructorAccessorImpl.java:45)
	at java.base/java.lang.reflect.Constructor.newInstance(Constructor.java:490)
	at org.openqa.selenium.remote.codec.w3c.W3CHttpResponseCodec.createException(W3CHttpResponseCodec.java:200)
	at org.openqa.selenium.remote.codec.w3c.W3CHttpResponseCodec.decode(W3CHttpResponseCodec.java:133)
	at org.openqa.selenium.remote.codec.w3c.W3CHttpResponseCodec.decode(W3CHttpResponseCodec.java:53)
	at org.openqa.selenium.remote.HttpCommandExecutor.execute(HttpCommandExecutor.java:184)
	at org.openqa.selenium.remote.TracedCommandExecutor.execute(TracedCommandExecutor.java:51)
	at org.openqa.selenium.remote.RemoteWebDriver.execute(RemoteWebDriver.java:535)
	at org.openqa.selenium.remote.RemoteWebElement.execute(RemoteWebElement.java:257)
	at org.openqa.selenium.remote.RemoteWebElement.click(RemoteWebElement.java:78)
	at java.base/jdk.internal.reflect.NativeMethodAccessorImpl.invoke0(Native Method)
	at java.base/jdk.internal.reflect.NativeMethodAccessorImpl.invoke(NativeMethodAccessorImpl.java:62)
	at java.base/jdk.internal.reflect.DelegatingMethodAccessorImpl.invoke(DelegatingMethodAccessorImpl.java:43)
	at java.base/java.lang.reflect.Method.invoke(Method.java:566)
	at org.openqa.selenium.support.decorators.WebDriverDecorator.call(WebDriverDecorator.java:247)
	at org.openqa.selenium.support.decorators.DefaultDecorated.call(DefaultDecorated.java:48)
	at org.openqa.selenium.support.decorators.WebDriverDecorator.lambda$createProxy$0(WebDriverDecorator.java:309)
	at net.bytebuddy.renamed.java.lang.Object$ByteBuddy$Vg4Jrx1r.click(Unknown Source)
	at glue.GilletteTests.iClickOnUnderInTheFooter(GilletteTests.java:102)
	at ✽.When I click on "Styling" under "Learn" in the footer(gillette.feature:20)

