<?xml version="1.0" encoding="UTF-8" ?>
<testsuite tests="13" failures="0" name="runner.RunTest" time="0.859" errors="2" skipped="1">
  <properties>
[...]
</properties>
  <testcase classname="| Razor |" name="Given I am on the Gillette website" time="0.003"/>
  <testcase classname="| Razor |" name="When I search for &quot;Razor&quot; using the search option" time="0"/>
  <testcase classname="| Razor |" name="Then I should see &quot;Results For Razor&apos;&quot; at the top of the search results" time="0.001"/>
  <testcase classname="| Razor |" name="| Razor |" time="0.556"/>
  <testcase classname="Scenario: Verify the display of Gillette MACH3 Turbo under products list" name="Given I am on the Gillette website" time="0"/>
  <testcase classname="Scenario: Verify the display of Gillette MACH3 Turbo under products list" name="When I hover on from the top navigation" time="0"/>
  <testcase classname="Scenario: Verify the display of Gillette MACH3 Turbo under products list" name="And I choose &quot;MACH3&quot; under &quot;By Brands&quot; from the drop-down" time="0"/>
  <testcase classname="Scenario: Verify the display of Gillette MACH3 Turbo under products list" name="Then I should see &quot;Gillette MACH3 Turbo&quot; under the products list" time="0"/>
  <testcase classname="Scenario: Verify the display of Gillette MACH3 Turbo under products list" name="Scenario: Verify the display of Gillette MACH3 Turbo under products list" time="0.271"/>
  <testcase classname="Scenario: Verify the presence of &quot;Facial Hair Styles: The Anchor Beard&quot; under styling articles" name="Given I am on the Gillette website" time="0"/>
  <testcase classname="Scenario: Verify the presence of &quot;Facial Hair Styles: The Anchor Beard&quot; under styling articles" name="When I click on &quot;Styling&quot; under &quot;Learn&quot; in the footer" time="0.008">
    <error message="element click intercepted: Element &lt;a title=&quot;...&quot; data-action-detail=&quot;Styling&quot; class=&quot;event_menu_click&quot; href=&quot;/en-in/tips-for-shaving/styling&quot;&gt;Styling&lt;/a&gt; is not clickable at point (107, 870). Other element would receive the click: &lt;div class=&quot;flex items-center&quot;&gt;...&lt;/div&gt;
  (Session info: chrome=113.0.5672.63)
Build info: version: &apos;4.7.2&apos;, revision: &apos;4d4020c3b7&apos;
System info: os.name: &apos;Linux&apos;, os.arch: &apos;amd64&apos;, os.version: &apos;5.10.162+&apos;, java.version: &apos;11.0.18&apos;
Driver info: org.openqa.selenium.remote.RemoteWebDriver
Command: [47604aab0e77f6b532d12044dde31b7e, clickElement {id=E6D06A000663B73769E2A95DE9BF587D_element_20}]
Capabilities {acceptInsecureCerts: false, browserName: chrome, browserVersion: 113.0.5672.63, chrome: {chromedriverVersion: 113.0.5672.63 (0e1a4471d5ae..., userDataDir: /tmp/.com.google.Chrome.XhhSPU}, goog:chromeOptions: {debuggerAddress: localhost:40855}, networkConnectionEnabled: false, pageLoadStrategy: normal, platformName: LINUX, proxy: Proxy(), se:bidiEnabled: false, se:cdp: ws://172.17.0.3:4444/sessio..., se:cdpVersion: 113.0.5672.63, se:vnc: ws://172.17.0.3:4444/sessio..., se:vncEnabled: true, se:vncLocalAddress: ws://172.17.0.3:7900, setWindowRect: true, strictFileInteractability: false, timeouts: {implicit: 0, pageLoad: 300000, script: 30000}, unhandledPromptBehavior: dismiss and notify, webauthn:extension:credBlob: true, webauthn:extension:largeBlob: true, webauthn:extension:minPinLength: true, webauthn:extension:prf: true, webauthn:virtualAuthenticators: true}
Element: [[RemoteWebDriver: chrome on LINUX (47604aab0e77f6b532d12044dde31b7e)] -&gt; xpath: //*[@id=&quot;footerContent&quot;]/div/div[1]/div[1]/ul/li[2]/a]
Session ID: 47604aab0e77f6b532d12044dde31b7e" type="org.openqa.selenium.ElementClickInterceptedException">org.openqa.selenium.ElementClickInterceptedException: element click intercepted: Element &lt;a title=&quot;...&quot; data-action-detail=&quot;Styling&quot; class=&quot;event_menu_click&quot; href=&quot;/en-in/tips-for-shaving/styling&quot;&gt;Styling&lt;/a&gt; is not clickable at point (107, 870). Other element would receive the click: &lt;div class=&quot;flex items-center&quot;&gt;...&lt;/div&gt;
  (Session info: chrome=113.0.5672.63)
Build info: version: &apos;4.7.2&apos;, revision: &apos;4d4020c3b7&apos;
System info: os.name: &apos;Linux&apos;, os.arch: &apos;amd64&apos;, os.version: &apos;5.10.162+&apos;, java.version: &apos;11.0.18&apos;
Driver info: org.openqa.selenium.remote.RemoteWebDriver
Command: [47604aab0e77f6b532d12044dde31b7e, clickElement {id=E6D06A000663B73769E2A95DE9BF587D_element_20}]
Capabilities {acceptInsecureCerts: false, browserName: chrome, browserVersion: 113.0.5672.63, chrome: {chromedriverVersion: 113.0.5672.63 (0e1a4471d5ae..., userDataDir: /tmp/.com.google.Chrome.XhhSPU}, goog:chromeOptions: {debuggerAddress: localhost:40855}, networkConnectionEnabled: false, pageLoadStrategy: normal, platformName: LINUX, proxy: Proxy(), se:bidiEnabled: false, se:cdp: ws://172.17.0.3:4444/sessio..., se:cdpVersion: 113.0.5672.63, se:vnc: ws://172.17.0.3:4444/sessio..., se:vncEnabled: true, se:vncLocalAddress: ws://172.17.0.3:7900, setWindowRect: true, strictFileInteractability: false, timeouts: {implicit: 0, pageLoad: 300000, script: 30000}, unhandledPromptBehavior: dismiss and notify, webauthn:extension:credBlob: true, webauthn:extension:largeBlob: true, webauthn:extension:minPinLength: true, webauthn:extension:prf: true, webauthn:virtualAuthenticators: true}
Element: [[RemoteWebDriver: chrome on LINUX (47604aab0e77f6b532d12044dde31b7e)] -&gt; xpath: //*[@id=&quot;footerContent&quot;]/div/div[1]/div[1]/ul/li[2]/a]
Session ID: 47604aab0e77f6b532d12044dde31b7e
	at java.base/jdk.internal.reflect.NativeConstructorAccessorImpl.newInstance0(Native Method)
	at java.base/jdk.internal.reflect.NativeConstructorAccessorImpl.newInstance(NativeConstructorAccessorImpl.java:62)
	at java.base/jdk.internal.reflect.DelegatingConstructorAccessorImpl.newInstance(DelegatingConstructorAccessorImpl.java:45)
	at java.base/java.lang.reflect.Constructor.newInstance(Constructor.java:490)
	at org.openqa.selenium.remote.codec.w3c.W3CHttpResponseCodec.createException(W3CHttpResponseCodec.java:200)
	at org.openqa.selenium.remote.codec.w3c.W3CHttpResponseCodec.decode(W3CHttpResponseCodec.java:133)
	at org.openqa.selenium.remote.codec.w3c.W3CHttpResponseCodec.decode(W3CHttpResponseCodec.java:53)
	at org.openqa.selenium.remote.HttpCommandExecutor.execute(HttpCommandExecutor.java:184)
	at org.openqa.selenium.remote.TracedCommandExecutor.execute(TracedCommandExecutor.java:51)
	at org.openqa.selenium.remote.RemoteWebDriver.execute(RemoteWebDriver.java:535)
	at org.openqa.selenium.remote.RemoteWebElement.execute(RemoteWebElement.java:257)
	at org.openqa.selenium.remote.RemoteWebElement.click(RemoteWebElement.java:78)
	at java.base/jdk.internal.reflect.NativeMethodAccessorImpl.invoke0(Native Method)
	at java.base/jdk.internal.reflect.NativeMethodAccessorImpl.invoke(NativeMethodAccessorImpl.java:62)
	at java.base/jdk.internal.reflect.DelegatingMethodAccessorImpl.invoke(DelegatingMethodAccessorImpl.java:43)
	at java.base/java.lang.reflect.Method.invoke(Method.java:566)
	at org.openqa.selenium.support.decorators.WebDriverDecorator.call(WebDriverDecorator.java:247)
	at org.openqa.selenium.support.decorators.DefaultDecorated.call(DefaultDecorated.java:48)
	at org.openqa.selenium.support.decorators.WebDriverDecorator.lambda$createProxy$0(WebDriverDecorator.java:309)
	at net.bytebuddy.renamed.java.lang.Object$ByteBuddy$Vg4Jrx1r.click(Unknown Source)
	at glue.GilletteTests.iClickOnUnderInTheFooter(GilletteTests.java:102)
	at ✽.When I click on &quot;Styling&quot; under &quot;Learn&quot; in the footer(gillette.feature:20)
</error>
  </testcase>
  <testcase classname="Scenario: Verify the presence of &quot;Facial Hair Styles: The Anchor Beard&quot; under styling articles" name="Scenario: Verify the presence of &quot;Facial Hair Styles: The Anchor Beard&quot; under styling articles" time="0.01">
    <error message="element click intercepted: Element &lt;a title=&quot;...&quot; data-action-detail=&quot;Styling&quot; class=&quot;event_menu_click&quot; href=&quot;/en-in/tips-for-shaving/styling&quot;&gt;Styling&lt;/a&gt; is not clickable at point (107, 870). Other element would receive the click: &lt;div class=&quot;flex items-center&quot;&gt;...&lt;/div&gt;
  (Session info: chrome=113.0.5672.63)
Build info: version: &apos;4.7.2&apos;, revision: &apos;4d4020c3b7&apos;
System info: os.name: &apos;Linux&apos;, os.arch: &apos;amd64&apos;, os.version: &apos;5.10.162+&apos;, java.version: &apos;11.0.18&apos;
Driver info: org.openqa.selenium.remote.RemoteWebDriver
Command: [47604aab0e77f6b532d12044dde31b7e, clickElement {id=E6D06A000663B73769E2A95DE9BF587D_element_20}]
Capabilities {acceptInsecureCerts: false, browserName: chrome, browserVersion: 113.0.5672.63, chrome: {chromedriverVersion: 113.0.5672.63 (0e1a4471d5ae..., userDataDir: /tmp/.com.google.Chrome.XhhSPU}, goog:chromeOptions: {debuggerAddress: localhost:40855}, networkConnectionEnabled: false, pageLoadStrategy: normal, platformName: LINUX, proxy: Proxy(), se:bidiEnabled: false, se:cdp: ws://172.17.0.3:4444/sessio..., se:cdpVersion: 113.0.5672.63, se:vnc: ws://172.17.0.3:4444/sessio..., se:vncEnabled: true, se:vncLocalAddress: ws://172.17.0.3:7900, setWindowRect: true, strictFileInteractability: false, timeouts: {implicit: 0, pageLoad: 300000, script: 30000}, unhandledPromptBehavior: dismiss and notify, webauthn:extension:credBlob: true, webauthn:extension:largeBlob: true, webauthn:extension:minPinLength: true, webauthn:extension:prf: true, webauthn:virtualAuthenticators: true}
Element: [[RemoteWebDriver: chrome on LINUX (47604aab0e77f6b532d12044dde31b7e)] -&gt; xpath: //*[@id=&quot;footerContent&quot;]/div/div[1]/div[1]/ul/li[2]/a]
Session ID: 47604aab0e77f6b532d12044dde31b7e" type="org.openqa.selenium.ElementClickInterceptedException">org.openqa.selenium.ElementClickInterceptedException: element click intercepted: Element &lt;a title=&quot;...&quot; data-action-detail=&quot;Styling&quot; class=&quot;event_menu_click&quot; href=&quot;/en-in/tips-for-shaving/styling&quot;&gt;Styling&lt;/a&gt; is not clickable at point (107, 870). Other element would receive the click: &lt;div class=&quot;flex items-center&quot;&gt;...&lt;/div&gt;
  (Session info: chrome=113.0.5672.63)
Build info: version: &apos;4.7.2&apos;, revision: &apos;4d4020c3b7&apos;
System info: os.name: &apos;Linux&apos;, os.arch: &apos;amd64&apos;, os.version: &apos;5.10.162+&apos;, java.version: &apos;11.0.18&apos;
Driver info: org.openqa.selenium.remote.RemoteWebDriver
Command: [47604aab0e77f6b532d12044dde31b7e, clickElement {id=E6D06A000663B73769E2A95DE9BF587D_element_20}]
Capabilities {acceptInsecureCerts: false, browserName: chrome, browserVersion: 113.0.5672.63, chrome: {chromedriverVersion: 113.0.5672.63 (0e1a4471d5ae..., userDataDir: /tmp/.com.google.Chrome.XhhSPU}, goog:chromeOptions: {debuggerAddress: localhost:40855}, networkConnectionEnabled: false, pageLoadStrategy: normal, platformName: LINUX, proxy: Proxy(), se:bidiEnabled: false, se:cdp: ws://172.17.0.3:4444/sessio..., se:cdpVersion: 113.0.5672.63, se:vnc: ws://172.17.0.3:4444/sessio..., se:vncEnabled: true, se:vncLocalAddress: ws://172.17.0.3:7900, setWindowRect: true, strictFileInteractability: false, timeouts: {implicit: 0, pageLoad: 300000, script: 30000}, unhandledPromptBehavior: dismiss and notify, webauthn:extension:credBlob: true, webauthn:extension:largeBlob: true, webauthn:extension:minPinLength: true, webauthn:extension:prf: true, webauthn:virtualAuthenticators: true}
Element: [[RemoteWebDriver: chrome on LINUX (47604aab0e77f6b532d12044dde31b7e)] -&gt; xpath: //*[@id=&quot;footerContent&quot;]/div/div[1]/div[1]/ul/li[2]/a]
Session ID: 47604aab0e77f6b532d12044dde31b7e
	at java.base/jdk.internal.reflect.NativeConstructorAccessorImpl.newInstance0(Native Method)
	at java.base/jdk.internal.reflect.NativeConstructorAccessorImpl.newInstance(NativeConstructorAccessorImpl.java:62)
	at java.base/jdk.internal.reflect.DelegatingConstructorAccessorImpl.newInstance(DelegatingConstructorAccessorImpl.java:45)
	at java.base/java.lang.reflect.Constructor.newInstance(Constructor.java:490)
	at org.openqa.selenium.remote.codec.w3c.W3CHttpResponseCodec.createException(W3CHttpResponseCodec.java:200)
	at org.openqa.selenium.remote.codec.w3c.W3CHttpResponseCodec.decode(W3CHttpResponseCodec.java:133)
	at org.openqa.selenium.remote.codec.w3c.W3CHttpResponseCodec.decode(W3CHttpResponseCodec.java:53)
	at org.openqa.selenium.remote.HttpCommandExecutor.execute(HttpCommandExecutor.java:184)
	at org.openqa.selenium.remote.TracedCommandExecutor.execute(TracedCommandExecutor.java:51)
	at org.openqa.selenium.remote.RemoteWebDriver.execute(RemoteWebDriver.java:535)
	at org.openqa.selenium.remote.RemoteWebElement.execute(RemoteWebElement.java:257)
	at org.openqa.selenium.remote.RemoteWebElement.click(RemoteWebElement.java:78)
	at java.base/jdk.internal.reflect.NativeMethodAccessorImpl.invoke0(Native Method)
	at java.base/jdk.internal.reflect.NativeMethodAccessorImpl.invoke(NativeMethodAccessorImpl.java:62)
	at java.base/jdk.internal.reflect.DelegatingMethodAccessorImpl.invoke(DelegatingMethodAccessorImpl.java:43)
	at java.base/java.lang.reflect.Method.invoke(Method.java:566)
	at org.openqa.selenium.support.decorators.WebDriverDecorator.call(WebDriverDecorator.java:247)
	at org.openqa.selenium.support.decorators.DefaultDecorated.call(DefaultDecorated.java:48)
	at org.openqa.selenium.support.decorators.WebDriverDecorator.lambda$createProxy$0(WebDriverDecorator.java:309)
	at net.bytebuddy.renamed.java.lang.Object$ByteBuddy$Vg4Jrx1r.click(Unknown Source)
	at glue.GilletteTests.iClickOnUnderInTheFooter(GilletteTests.java:102)
	at ✽.When I click on &quot;Styling&quot; under &quot;Learn&quot; in the footer(gillette.feature:20)
</error>
  </testcase>
  <testcase classname="Scenario: Verify the presence of &quot;Facial Hair Styles: The Anchor Beard&quot; under styling articles" name="Then I should see &quot;Facial Hair Styles: The Anchor Beard&quot; under the list of articles under styling" time="0.01">
    <skipped/>
  </testcase>
</testsuite>