<?xml version="1.0" encoding="UTF-8"?>
<testng-results ignored="0" total="1" passed="1" failed="0" skipped="0">
  <reporter-output>
  </reporter-output>
  <suite started-at="2023-07-28T07:59:26 UTC" name="Gillete Test Automation Suite" finished-at="2023-07-28T07:59:54 UTC" duration-ms="28295">
    <groups>
    </groups>
    <test started-at="2023-07-28T07:59:26 UTC" name="Gillete Tests" finished-at="2023-07-28T07:59:54 UTC" duration-ms="28295">
      <class name="ai.iamneo.runner.Runner">
        <test-method is-config="true" signature="extentReportSetup()[pri:0, instance:ai.iamneo.runner.Runner@47987356]" started-at="2023-07-28T07:59:26 UTC" name="extentReportSetup" finished-at="2023-07-28T07:59:27 UTC" duration-ms="564" status="PASS">
          <reporter-output>
          </reporter-output>
        </test-method> <!-- extentReportSetup -->
        <test-method signature="hoverProducts()[pri:0, instance:ai.iamneo.runner.Runner@47987356]" started-at="2023-07-28T07:59:27 UTC" name="hoverProducts" finished-at="2023-07-28T07:59:54 UTC" duration-ms="27052" status="PASS">
          <reporter-output>
          </reporter-output>
        </test-method> <!-- hoverProducts -->
        <test-method is-config="true" signature="closeBrowser()[pri:0, instance:ai.iamneo.runner.Runner@47987356]" started-at="2023-07-28T07:59:54 UTC" name="closeBrowser" finished-at="2023-07-28T07:59:54 UTC" duration-ms="154" status="PASS">
          <reporter-output>
          </reporter-output>
        </test-method> <!-- closeBrowser -->
        <test-method is-config="true" signature="tearDown()[pri:0, instance:ai.iamneo.runner.Runner@47987356]" started-at="2023-07-28T07:59:54 UTC" name="tearDown" finished-at="2023-07-28T07:59:54 UTC" duration-ms="459" status="PASS">
          <reporter-output>
          </reporter-output>
        </test-method> <!-- tearDown -->
      </class> <!-- ai.iamneo.runner.Runner -->
    </test> <!-- Gillete Tests -->
  </suite> <!-- Gillete Test Automation Suite -->
</testng-results>
